
> rest-express@1.0.0 dev

  VITE v5.4.19  ready in 268 ms

  ➜  Local:   http://localhost:5173/
  ➜  Network: http://172.31.128.19:5173/
Error:   Failed to scan for dependencies from entries:
  /home/runner/workspace/client/index.html
/home/runner/workspace/client/public/embed-instructions.html

  ✘ [ERROR] No matching export in "shared/schema.ts" for import "nameSchema"

    client/src/hooks/use-chat.ts:4:2:
      4 │   nameSchema,
        ╵   ~~~~~~~~~~


✘ [ERROR] No matching export in "shared/schema.ts" for import "phoneSchema"

    client/src/hooks/use-chat.ts:5:2:
      5 │   phoneSchema,
        ╵   ~~~~~~~~~~~


✘ [ERROR] No matching export in "shared/schema.ts" for import "emailSchema"

    client/src/hooks/use-chat.ts:6:2:
      6 │   emailSchema,
        ╵   ~~~~~~~~~~~


    at failureErrorWithLog (/home/runner/workspace/node_modules/vite/node_modules/esbuild/lib/main.js:1472:15)
    at /home/runner/workspace/node_modules/vite/node_modules/esbuild/lib/main.js:945:25
    at runOnEndCallbacks (/home/runner/workspace/node_modules/vite/node_modules/esbuild/lib/main.js:1315:45)
    at buildResponseToResult (/home/runner/workspace/node_modules/vite/node_modules/esbuild/lib/main.js:943:7)
    at /home/runner/workspace/node_modules/vite/node_modules/esbuild/lib/main.js:955:9
    at new Promise (<anonymous>)
    at requestCallbacks.on-end (/home/runner/workspace/node_modules/vite/node_modules/esbuild/lib/main.js:954:54)
    at handleRequest (/home/runner/workspace/node_modules/vite/node_modules/esbuild/lib/main.js:647:17)
    at handleIncomingPacket (/home/runner/workspace/node_modules/vite/node_modules/esbuild/lib/main.js:672:7)
    at Socket.readFromStdout (/home/runner/workspace/node_modules/vite/node_modules/esbuild/lib/main.js:600:7)
2:57:03 AM [express] Express server running on port 5001
Error:   Failed to scan for dependencies from entries:
  /home/runner/workspace/client/index.html
/home/runner/workspace/client/public/embed-instructions.html

  ✘ [ERROR] No matching export in "shared/schema.ts" for import "nameSchema"

    client/src/hooks/use-chat.ts:4:2:
      4 │   nameSchema,
        ╵   ~~~~~~~~~~


✘ [ERROR] No matching export in "shared/schema.ts" for import "phoneSchema"

    client/src/hooks/use-chat.ts:5:2:
      5 │   phoneSchema,
        ╵   ~~~~~~~~~~~


✘ [ERROR] No matching export in "shared/schema.ts" for import "emailSchema"

    client/src/hooks/use-chat.ts:6:2:
      6 │   emailSchema,
        ╵   ~~~~~~~~~~~


    at failureErrorWithLog (/home/runner/workspace/node_modules/vite/node_modules/esbuild/lib/main.js:1472:15)
    at /home/runner/workspace/node_modules/vite/node_modules/esbuild/lib/main.js:945:25
    at runOnEndCallbacks (/home/runner/workspace/node_modules/vite/node_modules/esbuild/lib/main.js:1315:45)
    at buildResponseToResult (/home/runner/workspace/node_modules/vite/node_modules/esbuild/lib/main.js:943:7)
    at /home/runner/workspace/node_modules/vite/node_modules/esbuild/lib/main.js:955:9
    at new Promise (<anonymous>)
    at requestCallbacks.on-end (/home/runner/workspace/node_modules/vite/node_modules/esbuild/lib/main.js:954:54)
    at handleRequest (/home/runner/workspace/node_modules/vite/node_modules/esbuild/lib/main.js:647:17)
    at handleIncomingPacket (/home/runner/workspace/node_modules/vite/node_modules/esbuild/lib/main.js:672:7)
    at Socket.readFromStdout (/home/runner/workspace/node_modules/vite/node_modules/esbuild/lib/main.js:600:7)
    at Socket.emit (node:events:518:28)
    at addChunk (node:internal/streams/readable:561:12)
    at readableAddChunkPushByteMode (node:internal/streams/readable:512:3)
    at Readable.push (node:internal/streams/readable:392:5)
    at Pipe.onStreamRead (node:internal/stream_base_commons:191:23)